c:\users\user\source\repos\parser\parser\x64\release\parser.obj
c:\users\user\source\repos\parser\parser\x64\release\moc_parser.obj
c:\users\user\source\repos\parser\parser\x64\release\qrc_parser.obj
c:\users\user\source\repos\parser\parser\x64\release\main.obj
c:\users\user\source\repos\parser\parser\x64\release\moc\moc_parser.cpp
c:\users\user\source\repos\parser\parser\x64\release\uic\ui_parser.h
c:\users\user\source\repos\parser\parser\x64\release\rcc\qrc_parser.cpp
c:\users\user\source\repos\parser\parser\x64\release\parser.tlog\cl.command.1.tlog
c:\users\user\source\repos\parser\parser\x64\release\parser.tlog\cl.read.1.tlog
c:\users\user\source\repos\parser\parser\x64\release\parser.tlog\cl.write.1.tlog
c:\users\user\source\repos\parser\parser\x64\release\parser.tlog\link-cvtres.read.1.tlog
c:\users\user\source\repos\parser\parser\x64\release\parser.tlog\link-cvtres.write.1.tlog
c:\users\user\source\repos\parser\parser\x64\release\parser.tlog\link-rc.read.1.tlog
c:\users\user\source\repos\parser\parser\x64\release\parser.tlog\link-rc.write.1.tlog
c:\users\user\source\repos\parser\parser\x64\release\parser.tlog\link.command.1.tlog
c:\users\user\source\repos\parser\parser\x64\release\parser.tlog\link.read.1.tlog
c:\users\user\source\repos\parser\parser\x64\release\parser.tlog\link.write.1.tlog
c:\users\user\source\repos\parser\parser\x64\release\parser.tlog\moc.read.1u.tlog
c:\users\user\source\repos\parser\parser\x64\release\parser.tlog\moc.write.1u.tlog
c:\users\user\source\repos\parser\parser\x64\release\parser.tlog\parser.write.1u.tlog
c:\users\user\source\repos\parser\parser\x64\release\parser.tlog\rcc.read.1u.tlog
c:\users\user\source\repos\parser\parser\x64\release\parser.tlog\rcc.write.1u.tlog
c:\users\user\source\repos\parser\parser\x64\release\parser.tlog\uic.read.1u.tlog
c:\users\user\source\repos\parser\parser\x64\release\parser.tlog\uic.write.1u.tlog
