c:\users\user\source\repos\parser\parser\x64\debug\pixelcolor.obj
c:\users\user\source\repos\parser\parser\x64\debug\qrc_parser.obj
c:\users\user\source\repos\parser\parser\x64\debug\moc_parser.obj
c:\users\user\source\repos\parser\parser\x64\debug\vc143.pdb
c:\users\user\source\repos\parser\parser\x64\debug\main.obj
c:\users\user\source\repos\parser\parser\x64\debug\parser.obj
c:\users\user\source\repos\parser\x64\debug\parser.exe
c:\users\user\source\repos\parser\x64\debug\parser.ilk
c:\users\user\source\repos\parser\x64\debug\parser.pdb
c:\users\user\source\repos\parser\parser\x64\debug\moc\moc_parser.cpp
c:\users\user\source\repos\parser\parser\x64\debug\uic\ui_parser.h
c:\users\user\source\repos\parser\parser\x64\debug\rcc\qrc_parser.cpp
c:\users\user\source\repos\parser\parser\x64\debug\parser.tlog\cl.command.1.tlog
c:\users\user\source\repos\parser\parser\x64\debug\parser.tlog\cl.read.1.tlog
c:\users\user\source\repos\parser\parser\x64\debug\parser.tlog\cl.write.1.tlog
c:\users\user\source\repos\parser\parser\x64\debug\parser.tlog\link.command.1.tlog
c:\users\user\source\repos\parser\parser\x64\debug\parser.tlog\link.read.1.tlog
c:\users\user\source\repos\parser\parser\x64\debug\parser.tlog\link.write.1.tlog
c:\users\user\source\repos\parser\parser\x64\debug\parser.tlog\moc.read.1u.tlog
c:\users\user\source\repos\parser\parser\x64\debug\parser.tlog\moc.write.1u.tlog
c:\users\user\source\repos\parser\parser\x64\debug\parser.tlog\parser.write.1u.tlog
c:\users\user\source\repos\parser\parser\x64\debug\parser.tlog\rcc.read.1u.tlog
c:\users\user\source\repos\parser\parser\x64\debug\parser.tlog\rcc.write.1u.tlog
c:\users\user\source\repos\parser\parser\x64\debug\parser.tlog\uic.read.1u.tlog
c:\users\user\source\repos\parser\parser\x64\debug\parser.tlog\uic.write.1u.tlog
